<?xml version="1.0" encoding="UTF-8"?>
<!-- Generated by org.testng.reporters.JUnitXMLReporter -->
<testsuite ignored="1" hostname="MSI" failures="0" tests="1" name="Test" time="4.723" errors="0" timestamp="2024-06-20T14:09:52 PDT">
  <testcase classname="testCases.Tc002_LoginTest" name="verify_login" time="1.172"/>
  <testcase classname="testCases.Tc001_AccountRegistrationTest" name="verify_account_registration" time="0.0">
    <ignored/>
  </testcase> <!-- verify_account_registration -->
</testsuite> <!-- Test -->
